[2014-11-18 08:59:34] MicroCMS.INFO: Matched route "GET_" (parameters: "_controller": "{}", "_route": "GET_") [] []
[2014-11-18 08:59:34] MicroCMS.INFO: Populated SecurityContext with an anonymous Token [] []
[2014-11-18 08:59:34] MicroCMS.INFO: > GET / [] []
[2014-11-18 08:59:34] MicroCMS.INFO: < 200 [] []
[2014-11-18 08:59:34] MicroCMS.INFO: Matched route "_wdt" (parameters: "_controller": "web_profiler.controller.profiler:toolbarAction", "token": "a4ca0a", "_route": "_wdt") [] []
[2014-11-18 08:59:34] MicroCMS.INFO: Populated SecurityContext with an anonymous Token [] []
[2014-11-18 08:59:34] MicroCMS.INFO: > GET /_profiler/wdt/a4ca0a [] []
[2014-11-18 08:59:35] MicroCMS.INFO: < 200 [] []
[2014-11-18 08:59:46] MicroCMS.INFO: Matched route "_profiler" (parameters: "_controller": "web_profiler.controller.profiler:panelAction", "token": "a4ca0a", "_route": "_profiler") [] []
[2014-11-18 08:59:46] MicroCMS.INFO: Populated SecurityContext with an anonymous Token [] []
[2014-11-18 08:59:46] MicroCMS.INFO: > GET /_profiler/a4ca0a?panel=form [] []
[2014-11-18 08:59:46] MicroCMS.INFO: Matched route "_wdt" (parameters: "_controller": "web_profiler.controller.profiler:toolbarAction", "token": "a4ca0a", "_route": "_wdt") [] []
[2014-11-18 08:59:46] MicroCMS.INFO: Matched route "_profiler_search_bar" (parameters: "_controller": "web_profiler.controller.profiler:searchBarAction", "_route": "_profiler_search_bar") [] []
[2014-11-18 08:59:46] MicroCMS.INFO: < 200 [] []
[2014-11-18 08:59:50] MicroCMS.INFO: Matched route "_profiler" (parameters: "_controller": "web_profiler.controller.profiler:panelAction", "token": "a4ca0a", "_route": "_profiler") [] []
[2014-11-18 08:59:50] MicroCMS.INFO: Populated SecurityContext with an anonymous Token [] []
[2014-11-18 08:59:50] MicroCMS.INFO: > GET /_profiler/a4ca0a?panel=time [] []
[2014-11-18 08:59:51] MicroCMS.INFO: Matched route "_wdt" (parameters: "_controller": "web_profiler.controller.profiler:toolbarAction", "token": "a4ca0a", "_route": "_wdt") [] []
[2014-11-18 08:59:51] MicroCMS.INFO: Matched route "_profiler_search_bar" (parameters: "_controller": "web_profiler.controller.profiler:searchBarAction", "_route": "_profiler_search_bar") [] []
[2014-11-18 08:59:51] MicroCMS.INFO: < 200 [] []
[2014-11-18 09:00:15] MicroCMS.INFO: Matched route "_profiler" (parameters: "_controller": "web_profiler.controller.profiler:panelAction", "token": "a4ca0a", "_route": "_profiler") [] []
[2014-11-18 09:00:15] MicroCMS.INFO: Populated SecurityContext with an anonymous Token [] []
[2014-11-18 09:00:15] MicroCMS.INFO: > GET /_profiler/a4ca0a?panel=form [] []
[2014-11-18 09:00:16] MicroCMS.INFO: Matched route "_wdt" (parameters: "_controller": "web_profiler.controller.profiler:toolbarAction", "token": "a4ca0a", "_route": "_wdt") [] []
[2014-11-18 09:00:16] MicroCMS.INFO: Matched route "_profiler_search_bar" (parameters: "_controller": "web_profiler.controller.profiler:searchBarAction", "_route": "_profiler_search_bar") [] []
[2014-11-18 09:00:16] MicroCMS.INFO: < 200 [] []
[2014-11-18 09:00:19] MicroCMS.INFO: Matched route "_profiler" (parameters: "_controller": "web_profiler.controller.profiler:panelAction", "token": "a4ca0a", "_route": "_profiler") [] []
[2014-11-18 09:00:19] MicroCMS.INFO: Populated SecurityContext with an anonymous Token [] []
[2014-11-18 09:00:19] MicroCMS.INFO: > GET /_profiler/a4ca0a?panel=time [] []
[2014-11-18 09:00:19] MicroCMS.INFO: Matched route "_wdt" (parameters: "_controller": "web_profiler.controller.profiler:toolbarAction", "token": "a4ca0a", "_route": "_wdt") [] []
[2014-11-18 09:00:19] MicroCMS.INFO: Matched route "_profiler_search_bar" (parameters: "_controller": "web_profiler.controller.profiler:searchBarAction", "_route": "_profiler_search_bar") [] []
[2014-11-18 09:00:19] MicroCMS.INFO: < 200 [] []
[2014-11-18 09:00:23] MicroCMS.INFO: Matched route "_profiler" (parameters: "_controller": "web_profiler.controller.profiler:panelAction", "token": "a4ca0a", "_route": "_profiler") [] []
[2014-11-18 09:00:23] MicroCMS.INFO: Populated SecurityContext with an anonymous Token [] []
[2014-11-18 09:00:23] MicroCMS.INFO: > GET /_profiler/a4ca0a?panel=logger [] []
[2014-11-18 09:00:23] MicroCMS.INFO: Matched route "_wdt" (parameters: "_controller": "web_profiler.controller.profiler:toolbarAction", "token": "a4ca0a", "_route": "_wdt") [] []
[2014-11-18 09:00:23] MicroCMS.INFO: Matched route "_profiler_search_bar" (parameters: "_controller": "web_profiler.controller.profiler:searchBarAction", "_route": "_profiler_search_bar") [] []
[2014-11-18 09:00:23] MicroCMS.INFO: < 200 [] []
[2014-11-18 09:00:24] MicroCMS.INFO: Matched route "_profiler" (parameters: "_controller": "web_profiler.controller.profiler:panelAction", "token": "a4ca0a", "_route": "_profiler") [] []
[2014-11-18 09:00:24] MicroCMS.INFO: Populated SecurityContext with an anonymous Token [] []
[2014-11-18 09:00:24] MicroCMS.INFO: > GET /_profiler/a4ca0a?panel=events [] []
[2014-11-18 09:00:25] MicroCMS.INFO: Matched route "_wdt" (parameters: "_controller": "web_profiler.controller.profiler:toolbarAction", "token": "a4ca0a", "_route": "_wdt") [] []
[2014-11-18 09:00:25] MicroCMS.INFO: Matched route "_profiler_search_bar" (parameters: "_controller": "web_profiler.controller.profiler:searchBarAction", "_route": "_profiler_search_bar") [] []
[2014-11-18 09:00:25] MicroCMS.INFO: < 200 [] []
[2014-11-18 09:00:26] MicroCMS.INFO: Matched route "_profiler" (parameters: "_controller": "web_profiler.controller.profiler:panelAction", "token": "a4ca0a", "_route": "_profiler") [] []
[2014-11-18 09:00:26] MicroCMS.INFO: Populated SecurityContext with an anonymous Token [] []
[2014-11-18 09:00:26] MicroCMS.INFO: > GET /_profiler/a4ca0a?panel=exception [] []
[2014-11-18 09:00:26] MicroCMS.INFO: Matched route "_wdt" (parameters: "_controller": "web_profiler.controller.profiler:toolbarAction", "token": "a4ca0a", "_route": "_wdt") [] []
[2014-11-18 09:00:26] MicroCMS.INFO: Matched route "_profiler_search_bar" (parameters: "_controller": "web_profiler.controller.profiler:searchBarAction", "_route": "_profiler_search_bar") [] []
[2014-11-18 09:00:26] MicroCMS.INFO: < 200 [] []
[2014-11-18 09:00:28] MicroCMS.INFO: Matched route "_profiler" (parameters: "_controller": "web_profiler.controller.profiler:panelAction", "token": "a4ca0a", "_route": "_profiler") [] []
[2014-11-18 09:00:28] MicroCMS.INFO: Populated SecurityContext with an anonymous Token [] []
[2014-11-18 09:00:28] MicroCMS.INFO: > GET /_profiler/a4ca0a?panel=request [] []
[2014-11-18 09:00:28] MicroCMS.INFO: Matched route "_wdt" (parameters: "_controller": "web_profiler.controller.profiler:toolbarAction", "token": "a4ca0a", "_route": "_wdt") [] []
[2014-11-18 09:00:28] MicroCMS.INFO: Matched route "_profiler_search_bar" (parameters: "_controller": "web_profiler.controller.profiler:searchBarAction", "_route": "_profiler_search_bar") [] []
[2014-11-18 09:00:28] MicroCMS.INFO: < 200 [] []
[2014-11-18 09:00:30] MicroCMS.INFO: Matched route "_profiler" (parameters: "_controller": "web_profiler.controller.profiler:panelAction", "token": "a4ca0a", "_route": "_profiler") [] []
[2014-11-18 09:00:30] MicroCMS.INFO: Populated SecurityContext with an anonymous Token [] []
[2014-11-18 09:00:30] MicroCMS.INFO: > GET /_profiler/a4ca0a?panel=config [] []
[2014-11-18 09:00:30] MicroCMS.INFO: Matched route "_wdt" (parameters: "_controller": "web_profiler.controller.profiler:toolbarAction", "token": "a4ca0a", "_route": "_wdt") [] []
[2014-11-18 09:00:30] MicroCMS.INFO: Matched route "_profiler_search_bar" (parameters: "_controller": "web_profiler.controller.profiler:searchBarAction", "_route": "_profiler_search_bar") [] []
[2014-11-18 09:00:30] MicroCMS.INFO: < 200 [] []
[2014-11-18 09:01:11] MicroCMS.INFO: Matched route "_profiler" (parameters: "_controller": "web_profiler.controller.profiler:panelAction", "token": "a4ca0a", "_route": "_profiler") [] []
[2014-11-18 09:01:11] MicroCMS.INFO: Populated SecurityContext with an anonymous Token [] []
[2014-11-18 09:01:11] MicroCMS.INFO: > GET /_profiler/a4ca0a?panel=request [] []
[2014-11-18 09:01:11] MicroCMS.INFO: Matched route "_wdt" (parameters: "_controller": "web_profiler.controller.profiler:toolbarAction", "token": "a4ca0a", "_route": "_wdt") [] []
[2014-11-18 09:01:11] MicroCMS.INFO: Matched route "_profiler_search_bar" (parameters: "_controller": "web_profiler.controller.profiler:searchBarAction", "_route": "_profiler_search_bar") [] []
[2014-11-18 09:01:11] MicroCMS.INFO: < 200 [] []
[2014-11-18 09:01:12] MicroCMS.INFO: Matched route "_profiler" (parameters: "_controller": "web_profiler.controller.profiler:panelAction", "token": "a4ca0a", "_route": "_profiler") [] []
[2014-11-18 09:01:12] MicroCMS.INFO: Populated SecurityContext with an anonymous Token [] []
[2014-11-18 09:01:12] MicroCMS.INFO: > GET /_profiler/a4ca0a?panel=exception [] []
[2014-11-18 09:01:12] MicroCMS.INFO: Matched route "_wdt" (parameters: "_controller": "web_profiler.controller.profiler:toolbarAction", "token": "a4ca0a", "_route": "_wdt") [] []
[2014-11-18 09:01:12] MicroCMS.INFO: Matched route "_profiler_search_bar" (parameters: "_controller": "web_profiler.controller.profiler:searchBarAction", "_route": "_profiler_search_bar") [] []
[2014-11-18 09:01:12] MicroCMS.INFO: < 200 [] []
[2014-11-18 09:01:13] MicroCMS.INFO: Matched route "_profiler" (parameters: "_controller": "web_profiler.controller.profiler:panelAction", "token": "a4ca0a", "_route": "_profiler") [] []
[2014-11-18 09:01:13] MicroCMS.INFO: Populated SecurityContext with an anonymous Token [] []
[2014-11-18 09:01:13] MicroCMS.INFO: > GET /_profiler/a4ca0a?panel=events [] []
[2014-11-18 09:01:14] MicroCMS.INFO: Matched route "_wdt" (parameters: "_controller": "web_profiler.controller.profiler:toolbarAction", "token": "a4ca0a", "_route": "_wdt") [] []
[2014-11-18 09:01:14] MicroCMS.INFO: Matched route "_profiler_search_bar" (parameters: "_controller": "web_profiler.controller.profiler:searchBarAction", "_route": "_profiler_search_bar") [] []
[2014-11-18 09:01:14] MicroCMS.INFO: < 200 [] []
[2014-11-18 09:01:14] MicroCMS.INFO: Matched route "_profiler" (parameters: "_controller": "web_profiler.controller.profiler:panelAction", "token": "a4ca0a", "_route": "_profiler") [] []
[2014-11-18 09:01:14] MicroCMS.INFO: Populated SecurityContext with an anonymous Token [] []
[2014-11-18 09:01:14] MicroCMS.INFO: > GET /_profiler/a4ca0a?panel=time [] []
[2014-11-18 09:01:15] MicroCMS.INFO: Matched route "_wdt" (parameters: "_controller": "web_profiler.controller.profiler:toolbarAction", "token": "a4ca0a", "_route": "_wdt") [] []
[2014-11-18 09:01:15] MicroCMS.INFO: Matched route "_profiler_search_bar" (parameters: "_controller": "web_profiler.controller.profiler:searchBarAction", "_route": "_profiler_search_bar") [] []
[2014-11-18 09:01:15] MicroCMS.INFO: < 200 [] []
[2014-11-18 09:01:16] MicroCMS.INFO: Matched route "_profiler" (parameters: "_controller": "web_profiler.controller.profiler:panelAction", "token": "a4ca0a", "_route": "_profiler") [] []
[2014-11-18 09:01:16] MicroCMS.INFO: Populated SecurityContext with an anonymous Token [] []
[2014-11-18 09:01:16] MicroCMS.INFO: > GET /_profiler/a4ca0a?panel=form [] []
[2014-11-18 09:01:17] MicroCMS.INFO: Matched route "_wdt" (parameters: "_controller": "web_profiler.controller.profiler:toolbarAction", "token": "a4ca0a", "_route": "_wdt") [] []
[2014-11-18 09:01:17] MicroCMS.INFO: Matched route "_profiler_search_bar" (parameters: "_controller": "web_profiler.controller.profiler:searchBarAction", "_route": "_profiler_search_bar") [] []
[2014-11-18 09:01:17] MicroCMS.INFO: < 200 [] []
[2014-11-18 09:01:19] MicroCMS.INFO: Matched route "_profiler" (parameters: "_controller": "web_profiler.controller.profiler:panelAction", "token": "a4ca0a", "_route": "_profiler") [] []
[2014-11-18 09:01:19] MicroCMS.INFO: Populated SecurityContext with an anonymous Token [] []
[2014-11-18 09:01:19] MicroCMS.INFO: > GET /_profiler/a4ca0a?panel=router [] []
[2014-11-18 09:01:20] MicroCMS.INFO: Matched route "_wdt" (parameters: "_controller": "web_profiler.controller.profiler:toolbarAction", "token": "a4ca0a", "_route": "_wdt") [] []
[2014-11-18 09:01:20] MicroCMS.INFO: Matched route "_profiler_router" (parameters: "_controller": "web_profiler.controller.router:panelAction", "token": "a4ca0a", "_route": "_profiler_router") [] []
[2014-11-18 09:01:20] MicroCMS.INFO: Matched route "_profiler_search_bar" (parameters: "_controller": "web_profiler.controller.profiler:searchBarAction", "_route": "_profiler_search_bar") [] []
[2014-11-18 09:01:20] MicroCMS.INFO: < 200 [] []
[2014-11-18 09:01:20] MicroCMS.INFO: Matched route "_profiler" (parameters: "_controller": "web_profiler.controller.profiler:panelAction", "token": "a4ca0a", "_route": "_profiler") [] []
[2014-11-18 09:01:20] MicroCMS.INFO: Populated SecurityContext with an anonymous Token [] []
[2014-11-18 09:01:20] MicroCMS.INFO: > GET /_profiler/a4ca0a?panel=time [] []
[2014-11-18 09:01:21] MicroCMS.INFO: Matched route "_wdt" (parameters: "_controller": "web_profiler.controller.profiler:toolbarAction", "token": "a4ca0a", "_route": "_wdt") [] []
[2014-11-18 09:01:21] MicroCMS.INFO: Matched route "_profiler_search_bar" (parameters: "_controller": "web_profiler.controller.profiler:searchBarAction", "_route": "_profiler_search_bar") [] []
[2014-11-18 09:01:21] MicroCMS.INFO: < 200 [] []
[2014-11-18 09:03:29] MicroCMS.INFO: Matched route "_profiler" (parameters: "_controller": "web_profiler.controller.profiler:panelAction", "token": "a4ca0a", "_route": "_profiler") [] []
[2014-11-18 09:03:29] MicroCMS.INFO: Populated SecurityContext with an anonymous Token [] []
[2014-11-18 09:03:29] MicroCMS.INFO: > GET /_profiler/a4ca0a?panel=form [] []
[2014-11-18 09:03:29] MicroCMS.INFO: Matched route "_wdt" (parameters: "_controller": "web_profiler.controller.profiler:toolbarAction", "token": "a4ca0a", "_route": "_wdt") [] []
[2014-11-18 09:03:29] MicroCMS.INFO: Matched route "_profiler_search_bar" (parameters: "_controller": "web_profiler.controller.profiler:searchBarAction", "_route": "_profiler_search_bar") [] []
[2014-11-18 09:03:29] MicroCMS.INFO: < 200 [] []
[2014-11-18 09:03:37] MicroCMS.INFO: Matched route "GET_" (parameters: "_controller": "{}", "_route": "GET_") [] []
[2014-11-18 09:03:37] MicroCMS.INFO: Populated SecurityContext with an anonymous Token [] []
[2014-11-18 09:03:37] MicroCMS.INFO: > GET / [] []
[2014-11-18 09:03:37] MicroCMS.INFO: < 200 [] []
[2014-11-18 09:03:38] MicroCMS.INFO: Matched route "_wdt" (parameters: "_controller": "web_profiler.controller.profiler:toolbarAction", "token": "3cefd3", "_route": "_wdt") [] []
[2014-11-18 09:03:38] MicroCMS.INFO: Populated SecurityContext with an anonymous Token [] []
[2014-11-18 09:03:38] MicroCMS.INFO: > GET /_profiler/wdt/3cefd3 [] []
[2014-11-18 09:03:38] MicroCMS.INFO: < 200 [] []
[2014-11-18 09:03:42] MicroCMS.INFO: Matched route "_profiler" (parameters: "_controller": "web_profiler.controller.profiler:panelAction", "token": "3cefd3", "_route": "_profiler") [] []
[2014-11-18 09:03:42] MicroCMS.INFO: Populated SecurityContext with an anonymous Token [] []
[2014-11-18 09:03:42] MicroCMS.INFO: > GET /_profiler/3cefd3?panel=form [] []
[2014-11-18 09:03:42] MicroCMS.INFO: Matched route "_wdt" (parameters: "_controller": "web_profiler.controller.profiler:toolbarAction", "token": "3cefd3", "_route": "_wdt") [] []
[2014-11-18 09:03:42] MicroCMS.INFO: Matched route "_profiler_search_bar" (parameters: "_controller": "web_profiler.controller.profiler:searchBarAction", "_route": "_profiler_search_bar") [] []
[2014-11-18 09:03:42] MicroCMS.INFO: < 200 [] []
[2014-11-18 09:03:47] MicroCMS.INFO: Matched route "GET_" (parameters: "_controller": "{}", "_route": "GET_") [] []
[2014-11-18 09:03:47] MicroCMS.INFO: Populated SecurityContext with an anonymous Token [] []
[2014-11-18 09:03:47] MicroCMS.INFO: > GET / [] []
[2014-11-18 09:03:47] MicroCMS.INFO: < 200 [] []
[2014-11-18 09:03:47] MicroCMS.INFO: Matched route "_wdt" (parameters: "_controller": "web_profiler.controller.profiler:toolbarAction", "token": "01bc78", "_route": "_wdt") [] []
[2014-11-18 09:03:47] MicroCMS.INFO: Populated SecurityContext with an anonymous Token [] []
[2014-11-18 09:03:47] MicroCMS.INFO: > GET /_profiler/wdt/01bc78 [] []
[2014-11-18 09:03:47] MicroCMS.INFO: < 200 [] []
[2014-11-18 09:12:25] MicroCMS.INFO: Matched route "GET_" (parameters: "_controller": "{}", "_route": "GET_") [] []
[2014-11-18 09:12:25] MicroCMS.INFO: Populated SecurityContext with an anonymous Token [] []
[2014-11-18 09:12:25] MicroCMS.INFO: > GET / [] []
[2014-11-18 09:12:25] MicroCMS.INFO: < 200 [] []
[2014-11-18 09:12:25] MicroCMS.INFO: Matched route "_wdt" (parameters: "_controller": "web_profiler.controller.profiler:toolbarAction", "token": "5f6230", "_route": "_wdt") [] []
[2014-11-18 09:12:25] MicroCMS.INFO: Populated SecurityContext with an anonymous Token [] []
[2014-11-18 09:12:25] MicroCMS.INFO: > GET /_profiler/wdt/5f6230 [] []
[2014-11-18 09:12:25] MicroCMS.INFO: < 200 [] []
[2014-11-18 09:12:30] MicroCMS.ERROR: Symfony\Component\HttpKernel\Exception\NotFoundHttpException: No route found for "GET /patae" (uncaught exception) at M:\xampp\htdocs\agory\microcms\vendor\symfony\http-kernel\Symfony\Component\HttpKernel\EventListener\RouterListener.php line 145 {"exception":"[object] (Symfony\\Component\\HttpKernel\\Exception\\NotFoundHttpException: No route found for \"GET /patae\" at M:\\xampp\\htdocs\\agory\\microcms\\vendor\\symfony\\http-kernel\\Symfony\\Component\\HttpKernel\\EventListener\\RouterListener.php:145, Symfony\\Component\\Routing\\Exception\\ResourceNotFoundException:  at M:\\xampp\\htdocs\\agory\\microcms\\vendor\\symfony\\routing\\Symfony\\Component\\Routing\\Matcher\\UrlMatcher.php:96)"} []
[2014-11-18 09:12:30] MicroCMS.INFO: < 404 [] []
[2014-11-18 09:15:03] MicroCMS.ERROR: Symfony\Component\HttpKernel\Exception\NotFoundHttpException: No route found for "GET /trol" (uncaught exception) at M:\xampp\htdocs\agory\microcms\vendor\symfony\http-kernel\Symfony\Component\HttpKernel\EventListener\RouterListener.php line 145 {"exception":"[object] (Symfony\\Component\\HttpKernel\\Exception\\NotFoundHttpException: No route found for \"GET /trol\" at M:\\xampp\\htdocs\\agory\\microcms\\vendor\\symfony\\http-kernel\\Symfony\\Component\\HttpKernel\\EventListener\\RouterListener.php:145, Symfony\\Component\\Routing\\Exception\\ResourceNotFoundException:  at M:\\xampp\\htdocs\\agory\\microcms\\vendor\\symfony\\routing\\Symfony\\Component\\Routing\\Matcher\\UrlMatcher.php:96)"} []
[2014-11-18 09:15:17] MicroCMS.ERROR: Symfony\Component\HttpKernel\Exception\NotFoundHttpException: No route found for "GET /trol" (uncaught exception) at M:\xampp\htdocs\agory\microcms\vendor\symfony\http-kernel\Symfony\Component\HttpKernel\EventListener\RouterListener.php line 145 {"exception":"[object] (Symfony\\Component\\HttpKernel\\Exception\\NotFoundHttpException: No route found for \"GET /trol\" at M:\\xampp\\htdocs\\agory\\microcms\\vendor\\symfony\\http-kernel\\Symfony\\Component\\HttpKernel\\EventListener\\RouterListener.php:145, Symfony\\Component\\Routing\\Exception\\ResourceNotFoundException:  at M:\\xampp\\htdocs\\agory\\microcms\\vendor\\symfony\\routing\\Symfony\\Component\\Routing\\Matcher\\UrlMatcher.php:96)"} []
[2014-11-18 09:15:17] MicroCMS.INFO: < 404 [] []
[2014-11-18 09:15:17] MicroCMS.INFO: Matched route "_wdt" (parameters: "_controller": "web_profiler.controller.profiler:toolbarAction", "token": "48f679", "_route": "_wdt") [] []
[2014-11-18 09:15:17] MicroCMS.INFO: Populated SecurityContext with an anonymous Token [] []
[2014-11-18 09:15:17] MicroCMS.INFO: > GET /_profiler/wdt/48f679 [] []
[2014-11-18 09:15:18] MicroCMS.INFO: < 200 [] []
